2024-10-19 13:18:41 waveterm-app starting, WAVETERM_HOME=/Users/k/.waveterm, electronpath=/Applications/Wave.app/Contents/Resources/app.asar/dist gopath=/Applications/Wave.app/Contents/Resources/app.asar.unpacked/dist arch=darwin/arm64
2024-10-19 13:18:41 trying to run local server /Applications/Wave.app/Contents/Resources/app.asar.unpacked/dist/bin/wavesrv.arm64
2024-10-19 13:18:41 spawned wavesrv
2024-10-19 13:18:41 [wavesrv] 2024/10/19 13:18:41.213923 [base] acquiring lock on /Users/k/.waveterm/wave.lock
2024-10-19 13:18:41 [wavesrv] 2024/10/19 13:18:41.214058 wave version: 0.8.12 (202410182134)
2024-10-19 13:18:41 [wavesrv] 2024/10/19 13:18:41.214061 wave home dir: /Users/k/.waveterm
2024-10-19 13:18:41 [wavesrv] 2024/10/19 13:18:41.214082 [db] opening db /Users/k/.waveterm/db/filestore.db
2024-10-19 13:18:41 [wavesrv] 2024/10/19 13:18:41.214137 migrate filestore
2024-10-19 13:18:41 [wavesrv] 2024/10/19 13:18:41.215913 [db] filestore migration done, version 0 -> 1
2024-10-19 13:18:41 [wavesrv] 2024/10/19 13:18:41.215942 filestore initialized
2024-10-19 13:18:41 [wavesrv] 2024/10/19 13:18:41.215950 migrate wstore
2024-10-19 13:18:41 [wavesrv] 2024/10/19 13:18:41.217261 [db] wstore migration done, version 0 -> 4
2024-10-19 13:18:41 [wavesrv] 2024/10/19 13:18:41.217267 wstore initialized
2024-10-19 13:18:41 [wavesrv] 2024/10/19 13:18:41.217500 initializing wsh and shell startup files
2024-10-19 13:18:41 [wavesrv] 2024/10/19 13:18:41.217567 clientid: 903ad718-101c-4c09-879b-7d7f0b7589a4
2024-10-19 13:18:41 [wavesrv] 2024/10/19 13:18:41.218459 error migrating old history: unable to open database file: no such file or directory
2024-10-19 13:18:41 [wavesrv] 2024/10/19 13:18:41.218489 [router] registering wsh route "wavesrv"
2024-10-19 13:18:41 [wavesrv] 2024/10/19 13:18:41.218496 [router] registering wsh route "conn:local"
2024-10-19 13:18:41 [wavesrv] 2024/10/19 13:18:41.220829 wsh binary successfully copied from "wsh-0.8.12-darwin.arm64" to "/Users/k/.waveterm/bin/wsh"
2024-10-19 13:18:41 [wavesrv] 2024/10/19 13:18:41.221312 starting file watcher
2024-10-19 13:18:41 [wavesrv] 2024/10/19 13:18:41.221933 Server [web] listening on 127.0.0.1:63938
2024-10-19 13:18:41 [wavesrv] 2024/10/19 13:18:41.221948 Server [websocket] listening on 127.0.0.1:63939
2024-10-19 13:18:41 [wavesrv] 2024/10/19 13:18:41.222035 Server [unix-domain] listening on /Users/k/.waveterm/wave.sock
2024-10-19 13:18:41 [wavesrv] 2024/10/19 13:18:41.222070 Docsite is nil, initializing
2024-10-19 13:18:41 [wavesrv] 2024/10/19 13:18:41.222071 Found static site at /Applications/Wave.app/Contents/Resources/app.asar.unpacked/dist/docsite, serving
2024-10-19 13:18:41 [wavesrv] 2024/10/19 13:18:41.222073 [websocket] running websocket server on 127.0.0.1:63939
2024-10-19 13:18:41 wavesrv ready signal received true 85 ms
2024-10-19 13:18:41 [service] client.GetClientData | 32ms
2024-10-19 13:18:41 [service] file.GetFullConfig | 2ms
2024-10-19 13:18:41 [service] object.GetObject window:017c4b46-046a-4787-8cc4-4a53c4ee5419 | 3ms
2024-10-19 13:18:41 running as file
2024-10-19 13:18:41 WaveObj updated window:017c4b46-046a-4787-8cc4-4a53c4ee5419
2024-10-19 13:18:41 [service] window.SetWindowPosAndSize | 24ms
2024-10-19 13:18:41 [service] object.GetObject window:017c4b46-046a-4787-8cc4-4a53c4ee5419 | 2ms
2024-10-19 13:18:41 WaveObj resolved window:017c4b46-046a-4787-8cc4-4a53c4ee5419 3ms
2024-10-19 13:18:41 [wavesrv] 2024/10/19 13:18:41.515916 [websocket] new connection: windowid:017c4b46-046a-4787-8cc4-4a53c4ee5419 connid:d2bbfb2b-442d-4179-979e-4b993f2d9631 routeid:window:017c4b46-046a-4787-8cc4-4a53c4ee5419
2024-10-19 13:18:41 [wavesrv] 2024/10/19 13:18:41.515958 [router] registering wsh route "window:017c4b46-046a-4787-8cc4-4a53c4ee5419"
2024-10-19 13:18:41 show window 017c4b46-046a-4787-8cc4-4a53c4ee5419
2024-10-19 13:18:41 [wavesrv] 2024/10/19 13:18:41.531601 [wps] sub window:017c4b46-046a-4787-8cc4-4a53c4ee5419 waveobj:update
2024-10-19 13:18:41 [wavesrv] 2024/10/19 13:18:41.531643 [wps] sub window:017c4b46-046a-4787-8cc4-4a53c4ee5419 userinput
2024-10-19 13:18:41 [wavesrv] 2024/10/19 13:18:41.531755 [wps] sub window:017c4b46-046a-4787-8cc4-4a53c4ee5419 blockfile
2024-10-19 13:18:41 [wavesrv] 2024/10/19 13:18:41.531776 [wps] sub window:017c4b46-046a-4787-8cc4-4a53c4ee5419 config
2024-10-19 13:18:41 [wavesrv] 2024/10/19 13:18:41.531777 [wps] sub window:017c4b46-046a-4787-8cc4-4a53c4ee5419 connchange
2024-10-19 13:18:41 Embedded docsite is running, using embedded version for help view
2024-10-19 13:18:41 Configuring updater
2024-10-19 13:18:41 [wavesrv] 2024/10/19 13:18:41.539627 [websocket] new connection: windowid:electron connid:cf862848-9a9b-4efa-ab5e-5f509e2225aa routeid:electron
2024-10-19 13:18:41 [wavesrv] 2024/10/19 13:18:41.539635 [router] registering wsh route "electron"
2024-10-19 13:18:41 [service] file.GetFullConfig | 3ms
2024-10-19 13:18:41 Update check interval in milliseconds: 3600000
2024-10-19 13:18:41 Update check enabled: true
2024-10-19 13:18:41 Install update on quit: true
2024-10-19 13:18:41 Updater config from binary: {
  provider: 'generic',
  url: 'https://dl.waveterm.dev/releases-w2',
  updaterCacheDirName: 'waveterm-updater'
}
2024-10-19 13:18:41 Update channel setting does not exist, setting to value from updater config.
2024-10-19 13:18:41 Update channel: latest
2024-10-19 13:18:41 starting updater
2024-10-19 13:18:41 checking-for-update
2024-10-19 13:18:41 [wavesrv] 2024/10/19 13:18:41.545599 SETCONFIG: {map[autoupdate:channel:latest]}
2024-10-19 13:18:41 WaveObj updated window:017c4b46-046a-4787-8cc4-4a53c4ee5419
2024-10-19 13:18:41 [service] window.SetWindowPosAndSize | 2ms
2024-10-19 13:18:42 update-not-available
2024-10-19 13:18:46 [wavesrv] 2024/10/19 13:18:46.087881 [wcloud] sending request POST https://api.waveterm.dev/central/no-telemetry
2024-10-19 13:18:47 WaveObj updated window:017c4b46-046a-4787-8cc4-4a53c4ee5419
2024-10-19 13:18:47 [service] window.SetWindowPosAndSize | 10ms
2024-10-19 13:18:51 [wavesrv] 2024/10/19 13:18:51.205492 ApplyPortableLayout, tabId: 364d9ae7-b5fe-4ba2-a41c-f1401ba5dfde, layout: [{[0] <nil> 0x1400034ae00 true} {[1] <nil> 0x1400034ae10 false} {[1 1] <nil> 0x1400034ae20 false} {[1 2] <nil> 0x1400034ae30 false} {[2] <nil> 0x1400034ae40 false} {[2 1] <nil> 0x1400034ae50 false} {[2 2] <nil> 0x1400034ae60 false}]
2024-10-19 13:18:51 [wavesrv] 2024/10/19 13:18:51.221830 telemetry disabled, not sending
2024-10-19 13:18:51 [wavesrv] 2024/10/19 13:18:51.261867 [wps] sub window:017c4b46-046a-4787-8cc4-4a53c4ee5419 sysinfo
2024-10-19 13:18:51 [wavesrv] 2024/10/19 13:18:51.268775 [wps] sub window:017c4b46-046a-4787-8cc4-4a53c4ee5419 controllerstatus
2024-10-19 13:18:51 [wavesrv] 2024/10/19 13:18:51.369347 start blockcontroller 6cd33a14-de46-4250-807f-beead85f5082 "shell" ("")
2024-10-19 13:18:51 [wavesrv] 2024/10/19 13:18:51.369407 sending blockcontroller update &blockcontroller.BlockControllerRuntimeStatus{BlockId:"6cd33a14-de46-4250-807f-beead85f5082", ShellProcStatus:"done", ShellProcConnName:""}
2024-10-19 13:18:51 [wavesrv] 2024/10/19 13:18:51.369986 [wps] sub window:017c4b46-046a-4787-8cc4-4a53c4ee5419 controllerstatus
2024-10-19 13:18:51 [wavesrv] 2024/10/19 13:18:51.370138 [wps] sub window:017c4b46-046a-4787-8cc4-4a53c4ee5419 controllerstatus
2024-10-19 13:18:51 [wavesrv] 2024/10/19 13:18:51.400686 sending blockcontroller update &blockcontroller.BlockControllerRuntimeStatus{BlockId:"6cd33a14-de46-4250-807f-beead85f5082", ShellProcStatus:"running", ShellProcConnName:""}
2024-10-19 13:18:51 [wavesrv] 2024/10/19 13:18:51.400793 [router] registering wsh route "controller:6cd33a14-de46-4250-807f-beead85f5082"
2024-10-19 13:18:56 [wavesrv] 2024/10/19 13:18:56.220271 filestore flush: 1/1 entries flushed, err:<nil>
2024-10-19 13:19:26 [wavesrv] 2024/10/19 13:19:26.255539 filestore flush: 1/1 entries flushed, err:<nil>
2024-10-19 13:27:29 focus 017c4b46-046a-4787-8cc4-4a53c4ee5419
2024-10-19 13:27:29 [service] client.FocusWindow | 5ms
2024-10-19 13:27:44 WaveObj updated window:017c4b46-046a-4787-8cc4-4a53c4ee5419
2024-10-19 13:27:44 [service] window.SetWindowPosAndSize | 11ms
2024-10-19 13:27:44 WaveObj updated window:017c4b46-046a-4787-8cc4-4a53c4ee5419
2024-10-19 13:27:44 [service] window.SetWindowPosAndSize | 10ms
2024-10-19 13:27:46 [wavesrv] 2024/10/19 13:27:46.363970 filestore flush: 1/1 entries flushed, err:<nil>
2024-10-19 13:27:49 WaveObj updated window:017c4b46-046a-4787-8cc4-4a53c4ee5419
2024-10-19 13:27:49 [service] window.SetWindowPosAndSize | 11ms
2024-10-19 13:27:49 WaveObj updated window:017c4b46-046a-4787-8cc4-4a53c4ee5419
2024-10-19 13:27:49 [service] window.SetWindowPosAndSize | 9ms
2024-10-19 13:27:49 WaveObj updated window:017c4b46-046a-4787-8cc4-4a53c4ee5419
2024-10-19 13:27:49 [service] window.SetWindowPosAndSize | 8ms
2024-10-19 13:27:49 WaveObj updated window:017c4b46-046a-4787-8cc4-4a53c4ee5419
2024-10-19 13:27:49 [service] window.SetWindowPosAndSize | 5ms
2024-10-19 13:27:51 [wavesrv] 2024/10/19 13:27:51.366428 filestore flush: 1/1 entries flushed, err:<nil>
2024-10-19 13:27:52 focus 017c4b46-046a-4787-8cc4-4a53c4ee5419
2024-10-19 13:27:52 [service] client.FocusWindow | 4ms
2024-10-19 13:27:53 focus 017c4b46-046a-4787-8cc4-4a53c4ee5419
2024-10-19 13:27:53 [service] client.FocusWindow | 6ms
2024-10-19 13:28:36 focus 017c4b46-046a-4787-8cc4-4a53c4ee5419
2024-10-19 13:28:36 [service] client.FocusWindow | 4ms
2024-10-19 13:28:45 focus 017c4b46-046a-4787-8cc4-4a53c4ee5419
2024-10-19 13:28:45 [service] client.FocusWindow | 3ms
2024-10-19 13:28:46 WaveObj updated window:017c4b46-046a-4787-8cc4-4a53c4ee5419
2024-10-19 13:28:46 [service] window.SetWindowPosAndSize | 9ms
2024-10-19 13:28:46 WaveObj updated window:017c4b46-046a-4787-8cc4-4a53c4ee5419
2024-10-19 13:28:46 [service] window.SetWindowPosAndSize | 8ms
2024-10-19 13:28:51 [wavesrv] 2024/10/19 13:28:51.379980 filestore flush: 1/1 entries flushed, err:<nil>
2024-10-19 13:28:56 [wavesrv] 2024/10/19 13:28:56.382030 filestore flush: 1/1 entries flushed, err:<nil>
2024-10-19 13:28:59 [wavesrv] 2024/10/19 13:28:59.108109 [wps] sub window:017c4b46-046a-4787-8cc4-4a53c4ee5419 sysinfo
2024-10-19 13:29:00 [wavesrv] 2024/10/19 13:29:00.639430 [wps] sub window:017c4b46-046a-4787-8cc4-4a53c4ee5419 sysinfo
2024-10-19 13:29:01 [wavesrv] 2024/10/19 13:29:01.383546 filestore flush: 1/1 entries flushed, err:<nil>
2024-10-19 13:29:01 [wavesrv] 2024/10/19 13:29:01.933717 [wps] sub window:017c4b46-046a-4787-8cc4-4a53c4ee5419 sysinfo
2024-10-19 13:29:06 [wavesrv] 2024/10/19 13:29:06.385151 filestore flush: 1/1 entries flushed, err:<nil>
2024-10-19 13:29:09 [wavesrv] 2024/10/19 13:29:09.294105 SETMETA: block:2aa77e1a-eeaf-4404-ba4f-0ddf50fea752 | map[graph:metrics:[mem:used] sysinfo:type:Mem]
2024-10-19 13:29:12 [wavesrv] 2024/10/19 13:29:12.526908 SETMETA: block:2aa77e1a-eeaf-4404-ba4f-0ddf50fea752 | map[graph:metrics:[cpu:0 cpu:1 cpu:2 cpu:3 cpu:4 cpu:5 cpu:6 cpu:7 cpu:8 cpu:9 cpu:10] sysinfo:type:All CPU]
2024-10-19 13:29:36 [wavesrv] 2024/10/19 13:29:36.393083 filestore flush: 1/1 entries flushed, err:<nil>
2024-10-19 13:29:41 [wavesrv] 2024/10/19 13:29:41.394429 filestore flush: 1/1 entries flushed, err:<nil>
2024-10-19 13:37:29 focus 017c4b46-046a-4787-8cc4-4a53c4ee5419
2024-10-19 13:37:29 [service] client.FocusWindow | 7ms
2024-10-19 14:18:41 checking-for-update
2024-10-19 14:18:42 update-not-available
2024-10-19 14:40:01 [wavesrv] 2024/10/19 14:40:01.699444 [websocket] ReadPump error (window:017c4b46-046a-4787-8cc4-4a53c4ee5419): websocket: close 1006 (abnormal closure): unexpected EOF
2024-10-19 14:40:01 [wavesrv] 2024/10/19 14:40:01.699526 [router] unregistering wsh route "window:017c4b46-046a-4787-8cc4-4a53c4ee5419"
2024-10-19 14:40:01 [wavesrv] 2024/10/19 14:40:01.708620 [websocket] new connection: windowid:017c4b46-046a-4787-8cc4-4a53c4ee5419 connid:a1a02c70-101a-4ca3-a518-212091f4b86d routeid:window:017c4b46-046a-4787-8cc4-4a53c4ee5419
2024-10-19 14:40:01 [wavesrv] 2024/10/19 14:40:01.708633 [router] registering wsh route "window:017c4b46-046a-4787-8cc4-4a53c4ee5419"
2024-10-19 14:40:01 [wavesrv] 2024/10/19 14:40:01.709514 [wps] sub window:017c4b46-046a-4787-8cc4-4a53c4ee5419 waveobj:update
2024-10-19 14:40:01 [wavesrv] 2024/10/19 14:40:01.709661 [wps] sub window:017c4b46-046a-4787-8cc4-4a53c4ee5419 config
2024-10-19 14:40:01 [wavesrv] 2024/10/19 14:40:01.709700 [wps] sub window:017c4b46-046a-4787-8cc4-4a53c4ee5419 userinput
2024-10-19 14:40:01 [wavesrv] 2024/10/19 14:40:01.709765 [wps] sub window:017c4b46-046a-4787-8cc4-4a53c4ee5419 blockfile
2024-10-19 14:40:01 [wavesrv] 2024/10/19 14:40:01.709828 [wps] sub window:017c4b46-046a-4787-8cc4-4a53c4ee5419 connchange
2024-10-19 14:40:01 [wavesrv] 2024/10/19 14:40:01.709871 [wps] sub window:017c4b46-046a-4787-8cc4-4a53c4ee5419 sysinfo
2024-10-19 14:40:01 [wavesrv] 2024/10/19 14:40:01.709912 [wps] sub window:017c4b46-046a-4787-8cc4-4a53c4ee5419 controllerstatus
2024-10-19 15:35:28 checking-for-update
2024-10-19 15:35:29 update-not-available
2024-10-19 16:37:09 checking-for-update
2024-10-19 16:37:10 update-not-available
2024-10-19 17:50:44 checking-for-update
2024-10-19 17:50:44 updater error
2024-10-19 17:50:44 Error: net::ERR_INTERNET_DISCONNECTED
    at SimpleURLLoaderWrapper.<anonymous> (node:electron/js2c/browser_init:2:117531)
    at SimpleURLLoaderWrapper.emit (node:events:519:28)
2024-10-19 17:50:44 fireAndForget error Error: net::ERR_INTERNET_DISCONNECTED
    at SimpleURLLoaderWrapper.<anonymous> (node:electron/js2c/browser_init:2:117531)
    at SimpleURLLoaderWrapper.emit (node:events:519:28)
2024-10-19 18:08:03 checking-for-update
2024-10-19 18:08:03 updater error
2024-10-19 18:08:03 Error: net::ERR_INTERNET_DISCONNECTED
    at SimpleURLLoaderWrapper.<anonymous> (node:electron/js2c/browser_init:2:117531)
    at SimpleURLLoaderWrapper.emit (node:events:519:28)
2024-10-19 18:08:03 fireAndForget error Error: net::ERR_INTERNET_DISCONNECTED
    at SimpleURLLoaderWrapper.<anonymous> (node:electron/js2c/browser_init:2:117531)
    at SimpleURLLoaderWrapper.emit (node:events:519:28)
2024-10-19 18:25:06 checking-for-update
2024-10-19 18:25:06 updater error
2024-10-19 18:25:06 Error: net::ERR_INTERNET_DISCONNECTED
    at SimpleURLLoaderWrapper.<anonymous> (node:electron/js2c/browser_init:2:117531)
    at SimpleURLLoaderWrapper.emit (node:events:519:28)
2024-10-19 18:25:06 fireAndForget error Error: net::ERR_INTERNET_DISCONNECTED
    at SimpleURLLoaderWrapper.<anonymous> (node:electron/js2c/browser_init:2:117531)
    at SimpleURLLoaderWrapper.emit (node:events:519:28)
2024-10-19 18:42:28 checking-for-update
2024-10-19 18:42:28 updater error
2024-10-19 18:42:28 Error: net::ERR_INTERNET_DISCONNECTED
    at SimpleURLLoaderWrapper.<anonymous> (node:electron/js2c/browser_init:2:117531)
    at SimpleURLLoaderWrapper.emit (node:events:519:28)
2024-10-19 18:42:28 fireAndForget error Error: net::ERR_INTERNET_DISCONNECTED
    at SimpleURLLoaderWrapper.<anonymous> (node:electron/js2c/browser_init:2:117531)
    at SimpleURLLoaderWrapper.emit (node:events:519:28)
2024-10-19 19:09:13 checking-for-update
2024-10-19 19:09:13 updater error
2024-10-19 19:09:13 Error: net::ERR_INTERNET_DISCONNECTED
    at SimpleURLLoaderWrapper.<anonymous> (node:electron/js2c/browser_init:2:117531)
    at SimpleURLLoaderWrapper.emit (node:events:519:28)
2024-10-19 19:09:13 fireAndForget error Error: net::ERR_INTERNET_DISCONNECTED
    at SimpleURLLoaderWrapper.<anonymous> (node:electron/js2c/browser_init:2:117531)
    at SimpleURLLoaderWrapper.emit (node:events:519:28)
2024-10-19 19:26:33 checking-for-update
2024-10-19 19:26:33 updater error
2024-10-19 19:26:33 Error: net::ERR_INTERNET_DISCONNECTED
    at SimpleURLLoaderWrapper.<anonymous> (node:electron/js2c/browser_init:2:117531)
    at SimpleURLLoaderWrapper.emit (node:events:519:28)
2024-10-19 19:26:33 fireAndForget error Error: net::ERR_INTERNET_DISCONNECTED
    at SimpleURLLoaderWrapper.<anonymous> (node:electron/js2c/browser_init:2:117531)
    at SimpleURLLoaderWrapper.emit (node:events:519:28)
2024-10-19 19:42:10 checking-for-update
2024-10-19 19:42:10 updater error
2024-10-19 19:42:10 Error: net::ERR_INTERNET_DISCONNECTED
    at SimpleURLLoaderWrapper.<anonymous> (node:electron/js2c/browser_init:2:117531)
    at SimpleURLLoaderWrapper.emit (node:events:519:28)
2024-10-19 19:42:10 fireAndForget error Error: net::ERR_INTERNET_DISCONNECTED
    at SimpleURLLoaderWrapper.<anonymous> (node:electron/js2c/browser_init:2:117531)
    at SimpleURLLoaderWrapper.emit (node:events:519:28)
2024-10-19 19:52:42 checking-for-update
2024-10-19 19:52:42 updater error
2024-10-19 19:52:42 Error: net::ERR_INTERNET_DISCONNECTED
    at SimpleURLLoaderWrapper.<anonymous> (node:electron/js2c/browser_init:2:117531)
    at SimpleURLLoaderWrapper.emit (node:events:519:28)
2024-10-19 19:52:42 fireAndForget error Error: net::ERR_INTERNET_DISCONNECTED
    at SimpleURLLoaderWrapper.<anonymous> (node:electron/js2c/browser_init:2:117531)
    at SimpleURLLoaderWrapper.emit (node:events:519:28)
2024-10-19 19:52:46 [wavesrv] 2024/10/19 19:52:46.074295 telemetry disabled, not sending
2024-10-19 20:10:50 checking-for-update
2024-10-19 20:10:50 updater error
2024-10-19 20:10:50 Error: net::ERR_INTERNET_DISCONNECTED
    at SimpleURLLoaderWrapper.<anonymous> (node:electron/js2c/browser_init:2:117531)
    at SimpleURLLoaderWrapper.emit (node:events:519:28)
2024-10-19 20:10:50 fireAndForget error Error: net::ERR_INTERNET_DISCONNECTED
    at SimpleURLLoaderWrapper.<anonymous> (node:electron/js2c/browser_init:2:117531)
    at SimpleURLLoaderWrapper.emit (node:events:519:28)
2024-10-19 20:26:13 checking-for-update
2024-10-19 20:26:13 updater error
2024-10-19 20:26:13 Error: net::ERR_INTERNET_DISCONNECTED
    at SimpleURLLoaderWrapper.<anonymous> (node:electron/js2c/browser_init:2:117531)
    at SimpleURLLoaderWrapper.emit (node:events:519:28)
2024-10-19 20:26:13 fireAndForget error Error: net::ERR_INTERNET_DISCONNECTED
    at SimpleURLLoaderWrapper.<anonymous> (node:electron/js2c/browser_init:2:117531)
    at SimpleURLLoaderWrapper.emit (node:events:519:28)
2024-10-19 20:43:41 checking-for-update
2024-10-19 20:43:41 updater error
2024-10-19 20:43:41 Error: net::ERR_INTERNET_DISCONNECTED
    at SimpleURLLoaderWrapper.<anonymous> (node:electron/js2c/browser_init:2:117531)
    at SimpleURLLoaderWrapper.emit (node:events:519:28)
2024-10-19 20:43:41 fireAndForget error Error: net::ERR_INTERNET_DISCONNECTED
    at SimpleURLLoaderWrapper.<anonymous> (node:electron/js2c/browser_init:2:117531)
    at SimpleURLLoaderWrapper.emit (node:events:519:28)
2024-10-19 20:53:44 checking-for-update
2024-10-19 20:53:44 updater error
2024-10-19 20:53:44 Error: net::ERR_INTERNET_DISCONNECTED
    at SimpleURLLoaderWrapper.<anonymous> (node:electron/js2c/browser_init:2:117531)
    at SimpleURLLoaderWrapper.emit (node:events:519:28)
2024-10-19 20:53:44 fireAndForget error Error: net::ERR_INTERNET_DISCONNECTED
    at SimpleURLLoaderWrapper.<anonymous> (node:electron/js2c/browser_init:2:117531)
    at SimpleURLLoaderWrapper.emit (node:events:519:28)
2024-10-19 21:11:01 checking-for-update
2024-10-19 21:11:01 updater error
2024-10-19 21:11:01 Error: net::ERR_INTERNET_DISCONNECTED
    at SimpleURLLoaderWrapper.<anonymous> (node:electron/js2c/browser_init:2:117531)
    at SimpleURLLoaderWrapper.emit (node:events:519:28)
2024-10-19 21:11:01 fireAndForget error Error: net::ERR_INTERNET_DISCONNECTED
    at SimpleURLLoaderWrapper.<anonymous> (node:electron/js2c/browser_init:2:117531)
    at SimpleURLLoaderWrapper.emit (node:events:519:28)
2024-10-19 21:26:31 checking-for-update
2024-10-19 21:26:31 updater error
2024-10-19 21:26:31 Error: net::ERR_INTERNET_DISCONNECTED
    at SimpleURLLoaderWrapper.<anonymous> (node:electron/js2c/browser_init:2:117531)
    at SimpleURLLoaderWrapper.emit (node:events:519:28)
2024-10-19 21:26:31 fireAndForget error Error: net::ERR_INTERNET_DISCONNECTED
    at SimpleURLLoaderWrapper.<anonymous> (node:electron/js2c/browser_init:2:117531)
    at SimpleURLLoaderWrapper.emit (node:events:519:28)
2024-10-19 21:41:34 checking-for-update
2024-10-19 21:41:34 updater error
2024-10-19 21:41:34 Error: net::ERR_INTERNET_DISCONNECTED
    at SimpleURLLoaderWrapper.<anonymous> (node:electron/js2c/browser_init:2:117531)
    at SimpleURLLoaderWrapper.emit (node:events:519:28)
2024-10-19 21:41:34 fireAndForget error Error: net::ERR_INTERNET_DISCONNECTED
    at SimpleURLLoaderWrapper.<anonymous> (node:electron/js2c/browser_init:2:117531)
    at SimpleURLLoaderWrapper.emit (node:events:519:28)
2024-10-19 21:54:44 checking-for-update
2024-10-19 21:54:44 updater error
2024-10-19 21:54:44 Error: net::ERR_INTERNET_DISCONNECTED
    at SimpleURLLoaderWrapper.<anonymous> (node:electron/js2c/browser_init:2:117531)
    at SimpleURLLoaderWrapper.emit (node:events:519:28)
2024-10-19 21:54:44 fireAndForget error Error: net::ERR_INTERNET_DISCONNECTED
    at SimpleURLLoaderWrapper.<anonymous> (node:electron/js2c/browser_init:2:117531)
    at SimpleURLLoaderWrapper.emit (node:events:519:28)
2024-10-19 22:12:29 checking-for-update
2024-10-19 22:12:29 updater error
2024-10-19 22:12:29 Error: net::ERR_INTERNET_DISCONNECTED
    at SimpleURLLoaderWrapper.<anonymous> (node:electron/js2c/browser_init:2:117531)
    at SimpleURLLoaderWrapper.emit (node:events:519:28)
2024-10-19 22:12:29 fireAndForget error Error: net::ERR_INTERNET_DISCONNECTED
    at SimpleURLLoaderWrapper.<anonymous> (node:electron/js2c/browser_init:2:117531)
    at SimpleURLLoaderWrapper.emit (node:events:519:28)
2024-10-19 22:28:21 checking-for-update
2024-10-19 22:28:21 updater error
2024-10-19 22:28:21 Error: net::ERR_INTERNET_DISCONNECTED
    at SimpleURLLoaderWrapper.<anonymous> (node:electron/js2c/browser_init:2:117531)
    at SimpleURLLoaderWrapper.emit (node:events:519:28)
2024-10-19 22:28:21 fireAndForget error Error: net::ERR_INTERNET_DISCONNECTED
    at SimpleURLLoaderWrapper.<anonymous> (node:electron/js2c/browser_init:2:117531)
    at SimpleURLLoaderWrapper.emit (node:events:519:28)
2024-10-19 22:44:14 checking-for-update
2024-10-19 22:44:14 updater error
2024-10-19 22:44:14 Error: net::ERR_INTERNET_DISCONNECTED
    at SimpleURLLoaderWrapper.<anonymous> (node:electron/js2c/browser_init:2:117531)
    at SimpleURLLoaderWrapper.emit (node:events:519:28)
2024-10-19 22:44:14 fireAndForget error Error: net::ERR_INTERNET_DISCONNECTED
    at SimpleURLLoaderWrapper.<anonymous> (node:electron/js2c/browser_init:2:117531)
    at SimpleURLLoaderWrapper.emit (node:events:519:28)
2024-10-19 22:55:44 checking-for-update
2024-10-19 22:55:44 updater error
2024-10-19 22:55:44 Error: net::ERR_INTERNET_DISCONNECTED
    at SimpleURLLoaderWrapper.<anonymous> (node:electron/js2c/browser_init:2:117531)
    at SimpleURLLoaderWrapper.emit (node:events:519:28)
2024-10-19 22:55:44 fireAndForget error Error: net::ERR_INTERNET_DISCONNECTED
    at SimpleURLLoaderWrapper.<anonymous> (node:electron/js2c/browser_init:2:117531)
    at SimpleURLLoaderWrapper.emit (node:events:519:28)
2024-10-19 23:12:05 checking-for-update
2024-10-19 23:12:05 updater error
2024-10-19 23:12:05 Error: net::ERR_INTERNET_DISCONNECTED
    at SimpleURLLoaderWrapper.<anonymous> (node:electron/js2c/browser_init:2:117531)
    at SimpleURLLoaderWrapper.emit (node:events:519:28)
2024-10-19 23:12:05 fireAndForget error Error: net::ERR_INTERNET_DISCONNECTED
    at SimpleURLLoaderWrapper.<anonymous> (node:electron/js2c/browser_init:2:117531)
    at SimpleURLLoaderWrapper.emit (node:events:519:28)
2024-10-19 23:28:24 checking-for-update
2024-10-19 23:28:24 updater error
2024-10-19 23:28:24 Error: net::ERR_INTERNET_DISCONNECTED
    at SimpleURLLoaderWrapper.<anonymous> (node:electron/js2c/browser_init:2:117531)
    at SimpleURLLoaderWrapper.emit (node:events:519:28)
2024-10-19 23:28:24 fireAndForget error Error: net::ERR_INTERNET_DISCONNECTED
    at SimpleURLLoaderWrapper.<anonymous> (node:electron/js2c/browser_init:2:117531)
    at SimpleURLLoaderWrapper.emit (node:events:519:28)
2024-10-19 23:38:44 checking-for-update
2024-10-19 23:38:44 updater error
2024-10-19 23:38:44 Error: net::ERR_INTERNET_DISCONNECTED
    at SimpleURLLoaderWrapper.<anonymous> (node:electron/js2c/browser_init:2:117531)
    at SimpleURLLoaderWrapper.emit (node:events:519:28)
2024-10-19 23:38:44 fireAndForget error Error: net::ERR_INTERNET_DISCONNECTED
    at SimpleURLLoaderWrapper.<anonymous> (node:electron/js2c/browser_init:2:117531)
    at SimpleURLLoaderWrapper.emit (node:events:519:28)
2024-10-19 23:47:12 WaveObj updated window:017c4b46-046a-4787-8cc4-4a53c4ee5419
2024-10-19 23:47:12 [service] window.SetWindowPosAndSize | 4ms
2024-10-19 23:47:16 WaveObj updated window:017c4b46-046a-4787-8cc4-4a53c4ee5419
2024-10-19 23:47:16 [service] window.SetWindowPosAndSize | 2ms
2024-10-19 23:47:16 WaveObj updated window:017c4b46-046a-4787-8cc4-4a53c4ee5419
2024-10-19 23:47:16 [service] window.SetWindowPosAndSize | 2ms
2024-10-19 23:47:24 focus 017c4b46-046a-4787-8cc4-4a53c4ee5419
2024-10-19 23:47:24 [service] client.FocusWindow | 3ms
2024-10-19 23:47:26 [wavesrv] 2024/10/19 23:47:26.637785 filestore flush: 1/1 entries flushed, err:<nil>
2024-10-19 23:47:31 [wavesrv] 2024/10/19 23:47:31.640356 filestore flush: 1/1 entries flushed, err:<nil>
2024-10-19 23:47:31 stopping updater
2024-10-19 23:47:31 [wavesrv] 2024/10/19 23:47:31.880552 shutting down: got signal interrupt
2024-10-19 23:47:31 [wavesrv] 2024/10/19 23:47:31.880738 [websocket] ReadPump error (electron): websocket: close 1005 (no status)
2024-10-19 23:47:31 [wavesrv] 2024/10/19 23:47:31.880763 [router] unregistering wsh route "electron"
2024-10-19 23:47:31 [wavesrv] 2024/10/19 23:47:31.880809 telemetry disabled, not sending
2024-10-19 23:47:31 [wavesrv] 2024/10/19 23:47:31.880982 file watcher closed
2024-10-19 23:47:32 [wavesrv] 2024/10/19 23:47:32.283137 [shellproc] pty-read loop done
2024-10-19 23:47:32 [wavesrv] 2024/10/19 23:47:32.283316 sending blockcontroller update &blockcontroller.BlockControllerRuntimeStatus{BlockId:"6cd33a14-de46-4250-807f-beead85f5082", ShellProcStatus:"done", ShellProcConnName:""}
2024-10-19 23:47:32 [wavesrv] 2024/10/19 23:47:32.283514 [router] unregistering wsh route "controller:6cd33a14-de46-4250-807f-beead85f5082"
2024-10-19 23:47:32 [wavesrv] 2024/10/19 23:47:32.283546 sending blockcontroller update &blockcontroller.BlockControllerRuntimeStatus{BlockId:"6cd33a14-de46-4250-807f-beead85f5082", ShellProcStatus:"done", ShellProcConnName:""}
2024-10-19 23:47:32 [wavesrv] 2024/10/19 23:47:32.283619 [shellproc] shell process wait loop done
2024-10-19 23:47:32 [wavesrv] 2024/10/19 23:47:32.382111 shutdown complete
2024-10-19 23:47:32 wavesrv exited, shutting down
2024-10-19 23:47:32 stopping updater
2024-10-20 11:39:49 waveterm-app starting, WAVETERM_HOME=/Users/k/.waveterm, electronpath=/Applications/Wave.app/Contents/Resources/app.asar/dist gopath=/Applications/Wave.app/Contents/Resources/app.asar.unpacked/dist arch=darwin/arm64
2024-10-20 11:39:49 trying to run local server /Applications/Wave.app/Contents/Resources/app.asar.unpacked/dist/bin/wavesrv.arm64
2024-10-20 11:39:49 spawned wavesrv
2024-10-20 11:39:49 [wavesrv] 2024/10/20 11:39:49.884785 [base] acquiring lock on /Users/k/.waveterm/wave.lock
2024-10-20 11:39:49 [wavesrv] 2024/10/20 11:39:49.885996 wave version: 0.8.12 (202410182134)
2024-10-20 11:39:49 [wavesrv] 2024/10/20 11:39:49.886000 wave home dir: /Users/k/.waveterm
2024-10-20 11:39:49 [wavesrv] 2024/10/20 11:39:49.886027 [db] opening db /Users/k/.waveterm/db/filestore.db
2024-10-20 11:39:49 [wavesrv] 2024/10/20 11:39:49.886446 migrate filestore
2024-10-20 11:39:49 [wavesrv] 2024/10/20 11:39:49.891393 filestore initialized
2024-10-20 11:39:49 [wavesrv] 2024/10/20 11:39:49.891414 migrate wstore
2024-10-20 11:39:49 [wavesrv] 2024/10/20 11:39:49.894161 wstore initialized
2024-10-20 11:39:49 [wavesrv] 2024/10/20 11:39:49.894630 initializing wsh and shell startup files
2024-10-20 11:39:49 [wavesrv] 2024/10/20 11:39:49.895205 clientid: 903ad718-101c-4c09-879b-7d7f0b7589a4
2024-10-20 11:39:49 [wavesrv] 2024/10/20 11:39:49.895397 [router] registering wsh route "wavesrv"
2024-10-20 11:39:49 [wavesrv] 2024/10/20 11:39:49.895406 [router] registering wsh route "conn:local"
2024-10-20 11:39:49 [wavesrv] 2024/10/20 11:39:49.898801 starting file watcher
2024-10-20 11:39:49 [wavesrv] 2024/10/20 11:39:49.900873 Server [web] listening on 127.0.0.1:50443
2024-10-20 11:39:49 [wavesrv] 2024/10/20 11:39:49.900901 Server [websocket] listening on 127.0.0.1:50444
2024-10-20 11:39:49 [wavesrv] 2024/10/20 11:39:49.901320 Server [unix-domain] listening on /Users/k/.waveterm/wave.sock
2024-10-20 11:39:49 [wavesrv] 2024/10/20 11:39:49.901366 Docsite is nil, initializing
2024-10-20 11:39:49 [wavesrv] 2024/10/20 11:39:49.901368 Found static site at /Applications/Wave.app/Contents/Resources/app.asar.unpacked/dist/docsite, serving
2024-10-20 11:39:49 [wavesrv] 2024/10/20 11:39:49.901463 [websocket] running websocket server on 127.0.0.1:50444
2024-10-20 11:39:49 [wavesrv] 2024/10/20 11:39:49.901561 wsh binary successfully copied from "wsh-0.8.12-darwin.arm64" to "/Users/k/.waveterm/bin/wsh"
2024-10-20 11:39:49 wavesrv ready signal received true 134 ms
2024-10-20 11:39:50 [service] client.GetClientData | 29ms
2024-10-20 11:39:50 [service] file.GetFullConfig | 2ms
2024-10-20 11:39:50 [service] object.GetObject window:017c4b46-046a-4787-8cc4-4a53c4ee5419 | 3ms
2024-10-20 11:39:50 running as file
2024-10-20 11:39:50 WaveObj updated window:017c4b46-046a-4787-8cc4-4a53c4ee5419
2024-10-20 11:39:50 [service] window.SetWindowPosAndSize | 47ms
2024-10-20 11:39:50 [service] object.GetObject window:017c4b46-046a-4787-8cc4-4a53c4ee5419 | 2ms
2024-10-20 11:39:50 WaveObj resolved window:017c4b46-046a-4787-8cc4-4a53c4ee5419 2ms
2024-10-20 11:39:50 [wavesrv] 2024/10/20 11:39:50.319191 [websocket] new connection: windowid:017c4b46-046a-4787-8cc4-4a53c4ee5419 connid:ea703c96-7d0b-4404-ade5-58dbe5891a1a routeid:window:017c4b46-046a-4787-8cc4-4a53c4ee5419
2024-10-20 11:39:50 [wavesrv] 2024/10/20 11:39:50.319202 [router] registering wsh route "window:017c4b46-046a-4787-8cc4-4a53c4ee5419"
2024-10-20 11:39:50 show window 017c4b46-046a-4787-8cc4-4a53c4ee5419
2024-10-20 11:39:50 Embedded docsite is running, using embedded version for help view
2024-10-20 11:39:50 Configuring updater
2024-10-20 11:39:50 [wavesrv] 2024/10/20 11:39:50.336213 [websocket] new connection: windowid:electron connid:cac17616-234d-4e7a-97b2-d59dc4e7345d routeid:electron
2024-10-20 11:39:50 [wavesrv] 2024/10/20 11:39:50.336229 [router] registering wsh route "electron"
2024-10-20 11:39:50 [wavesrv] 2024/10/20 11:39:50.338192 [wps] sub window:017c4b46-046a-4787-8cc4-4a53c4ee5419 userinput
2024-10-20 11:39:50 [wavesrv] 2024/10/20 11:39:50.338195 [wps] sub window:017c4b46-046a-4787-8cc4-4a53c4ee5419 waveobj:update
2024-10-20 11:39:50 [wavesrv] 2024/10/20 11:39:50.338250 [wps] sub window:017c4b46-046a-4787-8cc4-4a53c4ee5419 config
2024-10-20 11:39:50 [wavesrv] 2024/10/20 11:39:50.338275 [wps] sub window:017c4b46-046a-4787-8cc4-4a53c4ee5419 connchange
2024-10-20 11:39:50 [wavesrv] 2024/10/20 11:39:50.338281 [wps] sub window:017c4b46-046a-4787-8cc4-4a53c4ee5419 blockfile
2024-10-20 11:39:50 [service] file.GetFullConfig | 4ms
2024-10-20 11:39:50 Update check interval in milliseconds: 3600000
2024-10-20 11:39:50 Update check enabled: true
2024-10-20 11:39:50 Install update on quit: true
2024-10-20 11:39:50 Updater config from binary: {
  provider: 'generic',
  url: 'https://dl.waveterm.dev/releases-w2',
  updaterCacheDirName: 'waveterm-updater'
}
2024-10-20 11:39:50 Update channel: latest
2024-10-20 11:39:50 starting updater
2024-10-20 11:39:50 checking-for-update
2024-10-20 11:39:50 [wavesrv] 2024/10/20 11:39:50.414515 [wps] sub window:017c4b46-046a-4787-8cc4-4a53c4ee5419 sysinfo
2024-10-20 11:39:50 [wavesrv] 2024/10/20 11:39:50.414675 [wps] sub window:017c4b46-046a-4787-8cc4-4a53c4ee5419 sysinfo
2024-10-20 11:39:50 [wavesrv] 2024/10/20 11:39:50.415163 [wps] sub window:017c4b46-046a-4787-8cc4-4a53c4ee5419 controllerstatus
2024-10-20 11:39:50 [wavesrv] 2024/10/20 11:39:50.439228 start blockcontroller 6cd33a14-de46-4250-807f-beead85f5082 "shell" ("")
2024-10-20 11:39:50 [wavesrv] 2024/10/20 11:39:50.439266 sending blockcontroller update &blockcontroller.BlockControllerRuntimeStatus{BlockId:"6cd33a14-de46-4250-807f-beead85f5082", ShellProcStatus:"done", ShellProcConnName:""}
2024-10-20 11:39:50 [wavesrv] 2024/10/20 11:39:50.439664 [wps] sub window:017c4b46-046a-4787-8cc4-4a53c4ee5419 controllerstatus
2024-10-20 11:39:50 [wavesrv] 2024/10/20 11:39:50.439931 [wps] sub window:017c4b46-046a-4787-8cc4-4a53c4ee5419 controllerstatus
2024-10-20 11:39:50 [wavesrv] 2024/10/20 11:39:50.463187 sending blockcontroller update &blockcontroller.BlockControllerRuntimeStatus{BlockId:"6cd33a14-de46-4250-807f-beead85f5082", ShellProcStatus:"running", ShellProcConnName:""}
2024-10-20 11:39:50 [wavesrv] 2024/10/20 11:39:50.463282 [router] registering wsh route "controller:6cd33a14-de46-4250-807f-beead85f5082"
2024-10-20 11:39:50 update-not-available
2024-10-20 11:39:52 WaveObj updated window:017c4b46-046a-4787-8cc4-4a53c4ee5419
2024-10-20 11:39:52 [service] window.SetWindowPosAndSize | 9ms
2024-10-20 11:39:52 WaveObj updated window:017c4b46-046a-4787-8cc4-4a53c4ee5419
2024-10-20 11:39:52 [service] window.SetWindowPosAndSize | 8ms
2024-10-20 11:39:52 stopping updater
2024-10-20 11:39:52 [wavesrv] 2024/10/20 11:39:52.816796 shutting down: got signal interrupt
2024-10-20 11:39:52 [wavesrv] 2024/10/20 11:39:52.817092 [websocket] ReadPump error (electron): websocket: close 1005 (no status)
2024-10-20 11:39:52 [wavesrv] 2024/10/20 11:39:52.817119 [router] unregistering wsh route "electron"
2024-10-20 11:39:52 [wavesrv] 2024/10/20 11:39:52.817847 telemetry disabled, not sending
2024-10-20 11:39:52 [wavesrv] 2024/10/20 11:39:52.818233 file watcher closed
2024-10-20 11:39:53 [wavesrv] 2024/10/20 11:39:53.218927 [shellproc] pty-read loop done
2024-10-20 11:39:53 [wavesrv] 2024/10/20 11:39:53.219046 sending blockcontroller update &blockcontroller.BlockControllerRuntimeStatus{BlockId:"6cd33a14-de46-4250-807f-beead85f5082", ShellProcStatus:"done", ShellProcConnName:""}
2024-10-20 11:39:53 [wavesrv] 2024/10/20 11:39:53.219992 [router] unregistering wsh route "controller:6cd33a14-de46-4250-807f-beead85f5082"
2024-10-20 11:39:53 [wavesrv] 2024/10/20 11:39:53.220021 sending blockcontroller update &blockcontroller.BlockControllerRuntimeStatus{BlockId:"6cd33a14-de46-4250-807f-beead85f5082", ShellProcStatus:"done", ShellProcConnName:""}
2024-10-20 11:39:53 [wavesrv] 2024/10/20 11:39:53.220074 [shellproc] shell process wait loop done
2024-10-20 11:39:53 [wavesrv] 2024/10/20 11:39:53.319317 shutdown complete
2024-10-20 11:39:53 wavesrv exited, shutting down
2024-10-20 11:39:53 stopping updater
2024-10-20 11:39:55 waveterm-app starting, WAVETERM_HOME=/Users/k/.waveterm, electronpath=/Applications/Wave.app/Contents/Resources/app.asar/dist gopath=/Applications/Wave.app/Contents/Resources/app.asar.unpacked/dist arch=darwin/arm64
2024-10-20 11:39:55 trying to run local server /Applications/Wave.app/Contents/Resources/app.asar.unpacked/dist/bin/wavesrv.arm64
2024-10-20 11:39:55 spawned wavesrv
2024-10-20 11:39:55 [wavesrv] 2024/10/20 11:39:55.228215 [base] acquiring lock on /Users/k/.waveterm/wave.lock
2024-10-20 11:39:55 [wavesrv] 2024/10/20 11:39:55.228381 wave version: 0.8.12 (202410182134)
2024-10-20 11:39:55 [wavesrv] 2024/10/20 11:39:55.228385 wave home dir: /Users/k/.waveterm
2024-10-20 11:39:55 [wavesrv] 2024/10/20 11:39:55.228403 [db] opening db /Users/k/.waveterm/db/filestore.db
2024-10-20 11:39:55 [wavesrv] 2024/10/20 11:39:55.228419 migrate filestore
2024-10-20 11:39:55 [wavesrv] 2024/10/20 11:39:55.229297 filestore initialized
2024-10-20 11:39:55 [wavesrv] 2024/10/20 11:39:55.229310 migrate wstore
2024-10-20 11:39:55 [wavesrv] 2024/10/20 11:39:55.230094 wstore initialized
2024-10-20 11:39:55 [wavesrv] 2024/10/20 11:39:55.230129 initializing wsh and shell startup files
2024-10-20 11:39:55 [wavesrv] 2024/10/20 11:39:55.230251 clientid: 903ad718-101c-4c09-879b-7d7f0b7589a4
2024-10-20 11:39:55 [wavesrv] 2024/10/20 11:39:55.230364 [router] registering wsh route "wavesrv"
2024-10-20 11:39:55 [wavesrv] 2024/10/20 11:39:55.230374 [router] registering wsh route "conn:local"
2024-10-20 11:39:55 [wavesrv] 2024/10/20 11:39:55.231109 starting file watcher
2024-10-20 11:39:55 [wavesrv] 2024/10/20 11:39:55.231654 Server [web] listening on 127.0.0.1:50464
2024-10-20 11:39:55 [wavesrv] 2024/10/20 11:39:55.231672 Server [websocket] listening on 127.0.0.1:50465
2024-10-20 11:39:55 [wavesrv] 2024/10/20 11:39:55.231765 [websocket] running websocket server on 127.0.0.1:50465
2024-10-20 11:39:55 [wavesrv] 2024/10/20 11:39:55.231872 Server [unix-domain] listening on /Users/k/.waveterm/wave.sock
2024-10-20 11:39:55 [wavesrv] 2024/10/20 11:39:55.231910 Docsite is nil, initializing
2024-10-20 11:39:55 [wavesrv] 2024/10/20 11:39:55.231913 Found static site at /Applications/Wave.app/Contents/Resources/app.asar.unpacked/dist/docsite, serving
2024-10-20 11:39:55 [wavesrv] 2024/10/20 11:39:55.233963 wsh binary successfully copied from "wsh-0.8.12-darwin.arm64" to "/Users/k/.waveterm/bin/wsh"
2024-10-20 11:39:55 wavesrv ready signal received true 105 ms
2024-10-20 11:39:55 [service] client.GetClientData | 19ms
2024-10-20 11:39:55 [service] file.GetFullConfig | 2ms
2024-10-20 11:39:55 [service] object.GetObject window:017c4b46-046a-4787-8cc4-4a53c4ee5419 | 3ms
2024-10-20 11:39:55 running as file
2024-10-20 11:39:55 WaveObj updated window:017c4b46-046a-4787-8cc4-4a53c4ee5419
2024-10-20 11:39:55 [service] window.SetWindowPosAndSize | 23ms
2024-10-20 11:39:55 [service] object.GetObject window:017c4b46-046a-4787-8cc4-4a53c4ee5419 | 3ms
2024-10-20 11:39:55 WaveObj resolved window:017c4b46-046a-4787-8cc4-4a53c4ee5419 3ms
2024-10-20 11:39:55 [wavesrv] 2024/10/20 11:39:55.527975 [websocket] new connection: windowid:017c4b46-046a-4787-8cc4-4a53c4ee5419 connid:4089cc2b-541f-4f6d-8fab-53fe1285b08d routeid:window:017c4b46-046a-4787-8cc4-4a53c4ee5419
2024-10-20 11:39:55 [wavesrv] 2024/10/20 11:39:55.527988 [router] registering wsh route "window:017c4b46-046a-4787-8cc4-4a53c4ee5419"
2024-10-20 11:39:55 show window 017c4b46-046a-4787-8cc4-4a53c4ee5419
2024-10-20 11:39:55 [wavesrv] 2024/10/20 11:39:55.538289 [wps] sub window:017c4b46-046a-4787-8cc4-4a53c4ee5419 waveobj:update
2024-10-20 11:39:55 [wavesrv] 2024/10/20 11:39:55.538326 [wps] sub window:017c4b46-046a-4787-8cc4-4a53c4ee5419 config
2024-10-20 11:39:55 [wavesrv] 2024/10/20 11:39:55.538327 [wps] sub window:017c4b46-046a-4787-8cc4-4a53c4ee5419 connchange
2024-10-20 11:39:55 [wavesrv] 2024/10/20 11:39:55.538392 [wps] sub window:017c4b46-046a-4787-8cc4-4a53c4ee5419 userinput
2024-10-20 11:39:55 [wavesrv] 2024/10/20 11:39:55.539040 [wps] sub window:017c4b46-046a-4787-8cc4-4a53c4ee5419 blockfile
2024-10-20 11:39:55 Embedded docsite is running, using embedded version for help view
2024-10-20 11:39:55 Configuring updater
2024-10-20 11:39:55 [wavesrv] 2024/10/20 11:39:55.545954 [websocket] new connection: windowid:electron connid:3f2308eb-81c7-4462-bbd3-a4a40449fc27 routeid:electron
2024-10-20 11:39:55 [wavesrv] 2024/10/20 11:39:55.545965 [router] registering wsh route "electron"
2024-10-20 11:39:55 [service] file.GetFullConfig | 5ms
2024-10-20 11:39:55 Update check interval in milliseconds: 3600000
2024-10-20 11:39:55 Update check enabled: true
2024-10-20 11:39:55 Install update on quit: true
2024-10-20 11:39:55 Updater config from binary: {
  provider: 'generic',
  url: 'https://dl.waveterm.dev/releases-w2',
  updaterCacheDirName: 'waveterm-updater'
}
2024-10-20 11:39:55 Update channel: latest
2024-10-20 11:39:55 starting updater
2024-10-20 11:39:55 checking-for-update
2024-10-20 11:39:55 [wavesrv] 2024/10/20 11:39:55.601075 [wps] sub window:017c4b46-046a-4787-8cc4-4a53c4ee5419 sysinfo
2024-10-20 11:39:55 [wavesrv] 2024/10/20 11:39:55.607044 [wps] sub window:017c4b46-046a-4787-8cc4-4a53c4ee5419 sysinfo
2024-10-20 11:39:55 [wavesrv] 2024/10/20 11:39:55.607610 [wps] sub window:017c4b46-046a-4787-8cc4-4a53c4ee5419 controllerstatus
2024-10-20 11:39:55 [wavesrv] 2024/10/20 11:39:55.623701 start blockcontroller 6cd33a14-de46-4250-807f-beead85f5082 "shell" ("")
2024-10-20 11:39:55 [wavesrv] 2024/10/20 11:39:55.623785 sending blockcontroller update &blockcontroller.BlockControllerRuntimeStatus{BlockId:"6cd33a14-de46-4250-807f-beead85f5082", ShellProcStatus:"done", ShellProcConnName:""}
2024-10-20 11:39:55 [wavesrv] 2024/10/20 11:39:55.625098 [wps] sub window:017c4b46-046a-4787-8cc4-4a53c4ee5419 controllerstatus
2024-10-20 11:39:55 [wavesrv] 2024/10/20 11:39:55.625109 [wps] sub window:017c4b46-046a-4787-8cc4-4a53c4ee5419 controllerstatus
2024-10-20 11:39:55 [wavesrv] 2024/10/20 11:39:55.644515 sending blockcontroller update &blockcontroller.BlockControllerRuntimeStatus{BlockId:"6cd33a14-de46-4250-807f-beead85f5082", ShellProcStatus:"running", ShellProcConnName:""}
2024-10-20 11:39:55 [wavesrv] 2024/10/20 11:39:55.644687 [router] registering wsh route "controller:6cd33a14-de46-4250-807f-beead85f5082"
2024-10-20 11:39:55 update-not-available
2024-10-20 11:39:56 stopping updater
2024-10-20 11:39:56 [wavesrv] 2024/10/20 11:39:56.314198 shutting down: got signal interrupt
2024-10-20 11:39:56 [wavesrv] 2024/10/20 11:39:56.314409 [websocket] ReadPump error (electron): websocket: close 1005 (no status)
2024-10-20 11:39:56 [wavesrv] 2024/10/20 11:39:56.314456 [router] unregistering wsh route "electron"
2024-10-20 11:39:56 [wavesrv] 2024/10/20 11:39:56.314657 telemetry disabled, not sending
2024-10-20 11:39:56 [wavesrv] 2024/10/20 11:39:56.314795 file watcher closed
2024-10-20 11:39:56 [wavesrv] 2024/10/20 11:39:56.715632 [shellproc] pty-read loop done
2024-10-20 11:39:56 [wavesrv] 2024/10/20 11:39:56.715772 sending blockcontroller update &blockcontroller.BlockControllerRuntimeStatus{BlockId:"6cd33a14-de46-4250-807f-beead85f5082", ShellProcStatus:"done", ShellProcConnName:""}
2024-10-20 11:39:56 [wavesrv] 2024/10/20 11:39:56.717387 [router] unregistering wsh route "controller:6cd33a14-de46-4250-807f-beead85f5082"
2024-10-20 11:39:56 [wavesrv] 2024/10/20 11:39:56.717416 sending blockcontroller update &blockcontroller.BlockControllerRuntimeStatus{BlockId:"6cd33a14-de46-4250-807f-beead85f5082", ShellProcStatus:"done", ShellProcConnName:""}
2024-10-20 11:39:56 [wavesrv] 2024/10/20 11:39:56.717435 [shellproc] shell process wait loop done
2024-10-20 11:39:56 [wavesrv] 2024/10/20 11:39:56.815913 shutdown complete
2024-10-20 11:39:56 [wavesrv] 2024/10/20 11:39:56.815889 [shellproc] shellInputCh loop done
2024-10-20 11:39:56 wavesrv exited, shutting down
2024-10-20 11:39:56 stopping updater
2024-10-20 11:39:58 waveterm-app starting, WAVETERM_HOME=/Users/k/.waveterm, electronpath=/Applications/Wave.app/Contents/Resources/app.asar/dist gopath=/Applications/Wave.app/Contents/Resources/app.asar.unpacked/dist arch=darwin/arm64
2024-10-20 11:39:58 trying to run local server /Applications/Wave.app/Contents/Resources/app.asar.unpacked/dist/bin/wavesrv.arm64
2024-10-20 11:39:58 spawned wavesrv
2024-10-20 11:39:58 [wavesrv] 2024/10/20 11:39:58.444689 [base] acquiring lock on /Users/k/.waveterm/wave.lock
2024-10-20 11:39:58 [wavesrv] 2024/10/20 11:39:58.444858 wave version: 0.8.12 (202410182134)
2024-10-20 11:39:58 [wavesrv] 2024/10/20 11:39:58.444863 wave home dir: /Users/k/.waveterm
2024-10-20 11:39:58 [wavesrv] 2024/10/20 11:39:58.444884 [db] opening db /Users/k/.waveterm/db/filestore.db
2024-10-20 11:39:58 [wavesrv] 2024/10/20 11:39:58.444900 migrate filestore
2024-10-20 11:39:58 [wavesrv] 2024/10/20 11:39:58.445821 filestore initialized
2024-10-20 11:39:58 [wavesrv] 2024/10/20 11:39:58.445831 migrate wstore
2024-10-20 11:39:58 [wavesrv] 2024/10/20 11:39:58.446657 wstore initialized
2024-10-20 11:39:58 [wavesrv] 2024/10/20 11:39:58.446696 initializing wsh and shell startup files
2024-10-20 11:39:58 [wavesrv] 2024/10/20 11:39:58.446810 clientid: 903ad718-101c-4c09-879b-7d7f0b7589a4
2024-10-20 11:39:58 [wavesrv] 2024/10/20 11:39:58.446926 [router] registering wsh route "wavesrv"
2024-10-20 11:39:58 [wavesrv] 2024/10/20 11:39:58.446942 [router] registering wsh route "conn:local"
2024-10-20 11:39:58 [wavesrv] 2024/10/20 11:39:58.447570 starting file watcher
2024-10-20 11:39:58 [wavesrv] 2024/10/20 11:39:58.448338 Server [web] listening on 127.0.0.1:50481
2024-10-20 11:39:58 [wavesrv] 2024/10/20 11:39:58.448357 Server [websocket] listening on 127.0.0.1:50482
2024-10-20 11:39:58 [wavesrv] 2024/10/20 11:39:58.448427 [websocket] running websocket server on 127.0.0.1:50482
2024-10-20 11:39:58 [wavesrv] 2024/10/20 11:39:58.448525 Server [unix-domain] listening on /Users/k/.waveterm/wave.sock
2024-10-20 11:39:58 [wavesrv] 2024/10/20 11:39:58.448611 Docsite is nil, initializing
2024-10-20 11:39:58 [wavesrv] 2024/10/20 11:39:58.448620 Found static site at /Applications/Wave.app/Contents/Resources/app.asar.unpacked/dist/docsite, serving
2024-10-20 11:39:58 [wavesrv] 2024/10/20 11:39:58.450204 wsh binary successfully copied from "wsh-0.8.12-darwin.arm64" to "/Users/k/.waveterm/bin/wsh"
2024-10-20 11:39:58 wavesrv ready signal received true 106 ms
2024-10-20 11:39:58 [service] client.GetClientData | 20ms
2024-10-20 11:39:58 [service] file.GetFullConfig | 2ms
2024-10-20 11:39:58 [service] object.GetObject window:017c4b46-046a-4787-8cc4-4a53c4ee5419 | 3ms
2024-10-20 11:39:58 running as file
2024-10-20 11:39:58 WaveObj updated window:017c4b46-046a-4787-8cc4-4a53c4ee5419
2024-10-20 11:39:58 [service] window.SetWindowPosAndSize | 24ms
2024-10-20 11:39:58 [service] object.GetObject window:017c4b46-046a-4787-8cc4-4a53c4ee5419 | 2ms
2024-10-20 11:39:58 WaveObj resolved window:017c4b46-046a-4787-8cc4-4a53c4ee5419 3ms
2024-10-20 11:39:58 [wavesrv] 2024/10/20 11:39:58.748923 [websocket] new connection: windowid:017c4b46-046a-4787-8cc4-4a53c4ee5419 connid:fd3d5726-448b-46eb-9ba6-cb4368e3e3a6 routeid:window:017c4b46-046a-4787-8cc4-4a53c4ee5419
2024-10-20 11:39:58 [wavesrv] 2024/10/20 11:39:58.748953 [router] registering wsh route "window:017c4b46-046a-4787-8cc4-4a53c4ee5419"
2024-10-20 11:39:58 show window 017c4b46-046a-4787-8cc4-4a53c4ee5419
2024-10-20 11:39:58 Embedded docsite is running, using embedded version for help view
2024-10-20 11:39:58 Configuring updater
2024-10-20 11:39:58 [wavesrv] 2024/10/20 11:39:58.762176 [websocket] new connection: windowid:electron connid:ea258444-7dfa-41be-ad72-989dbeadbf6d routeid:electron
2024-10-20 11:39:58 [wavesrv] 2024/10/20 11:39:58.762185 [router] registering wsh route "electron"
2024-10-20 11:39:58 [service] file.GetFullConfig | 5ms
2024-10-20 11:39:58 Update check interval in milliseconds: 3600000
2024-10-20 11:39:58 Update check enabled: true
2024-10-20 11:39:58 Install update on quit: true
2024-10-20 11:39:58 Updater config from binary: {
  provider: 'generic',
  url: 'https://dl.waveterm.dev/releases-w2',
  updaterCacheDirName: 'waveterm-updater'
}
2024-10-20 11:39:58 Update channel: latest
2024-10-20 11:39:58 starting updater
2024-10-20 11:39:58 checking-for-update
2024-10-20 11:39:58 [wavesrv] 2024/10/20 11:39:58.765188 [wps] sub window:017c4b46-046a-4787-8cc4-4a53c4ee5419 config
2024-10-20 11:39:58 [wavesrv] 2024/10/20 11:39:58.765187 [wps] sub window:017c4b46-046a-4787-8cc4-4a53c4ee5419 waveobj:update
2024-10-20 11:39:58 [wavesrv] 2024/10/20 11:39:58.765264 [wps] sub window:017c4b46-046a-4787-8cc4-4a53c4ee5419 userinput
2024-10-20 11:39:58 [wavesrv] 2024/10/20 11:39:58.765275 [wps] sub window:017c4b46-046a-4787-8cc4-4a53c4ee5419 blockfile
2024-10-20 11:39:58 [wavesrv] 2024/10/20 11:39:58.765343 [wps] sub window:017c4b46-046a-4787-8cc4-4a53c4ee5419 connchange
2024-10-20 11:39:58 [wavesrv] 2024/10/20 11:39:58.822528 [wps] sub window:017c4b46-046a-4787-8cc4-4a53c4ee5419 sysinfo
2024-10-20 11:39:58 [wavesrv] 2024/10/20 11:39:58.828630 [wps] sub window:017c4b46-046a-4787-8cc4-4a53c4ee5419 sysinfo
2024-10-20 11:39:58 [wavesrv] 2024/10/20 11:39:58.829283 [wps] sub window:017c4b46-046a-4787-8cc4-4a53c4ee5419 controllerstatus
2024-10-20 11:39:58 [wavesrv] 2024/10/20 11:39:58.845390 start blockcontroller 6cd33a14-de46-4250-807f-beead85f5082 "shell" ("")
2024-10-20 11:39:58 [wavesrv] 2024/10/20 11:39:58.845436 sending blockcontroller update &blockcontroller.BlockControllerRuntimeStatus{BlockId:"6cd33a14-de46-4250-807f-beead85f5082", ShellProcStatus:"done", ShellProcConnName:""}
2024-10-20 11:39:58 [wavesrv] 2024/10/20 11:39:58.845944 [wps] sub window:017c4b46-046a-4787-8cc4-4a53c4ee5419 controllerstatus
2024-10-20 11:39:58 [wavesrv] 2024/10/20 11:39:58.846957 [wps] sub window:017c4b46-046a-4787-8cc4-4a53c4ee5419 controllerstatus
2024-10-20 11:39:58 [wavesrv] 2024/10/20 11:39:58.868447 sending blockcontroller update &blockcontroller.BlockControllerRuntimeStatus{BlockId:"6cd33a14-de46-4250-807f-beead85f5082", ShellProcStatus:"running", ShellProcConnName:""}
2024-10-20 11:39:58 [wavesrv] 2024/10/20 11:39:58.868539 [router] registering wsh route "controller:6cd33a14-de46-4250-807f-beead85f5082"
2024-10-20 11:39:59 update-not-available
2024-10-20 11:40:03 [wavesrv] 2024/10/20 11:40:03.448649 filestore flush: 1/1 entries flushed, err:<nil>
2024-10-20 11:40:07 stopping updater
2024-10-20 11:40:07 [wavesrv] 2024/10/20 11:40:07.472235 shutting down: got signal interrupt
2024-10-20 11:40:07 [wavesrv] 2024/10/20 11:40:07.472606 [websocket] ReadPump error (electron): websocket: close 1005 (no status)
2024-10-20 11:40:07 [wavesrv] 2024/10/20 11:40:07.472679 [router] unregistering wsh route "electron"
2024-10-20 11:40:07 [wavesrv] 2024/10/20 11:40:07.473048 telemetry disabled, not sending
2024-10-20 11:40:07 [wavesrv] 2024/10/20 11:40:07.473642 file watcher closed
2024-10-20 11:40:07 [wavesrv] 2024/10/20 11:40:07.874413 [shellproc] pty-read loop done
2024-10-20 11:40:07 [wavesrv] 2024/10/20 11:40:07.874530 sending blockcontroller update &blockcontroller.BlockControllerRuntimeStatus{BlockId:"6cd33a14-de46-4250-807f-beead85f5082", ShellProcStatus:"done", ShellProcConnName:""}
2024-10-20 11:40:07 [wavesrv] 2024/10/20 11:40:07.874659 [router] unregistering wsh route "controller:6cd33a14-de46-4250-807f-beead85f5082"
2024-10-20 11:40:07 [wavesrv] 2024/10/20 11:40:07.874673 sending blockcontroller update &blockcontroller.BlockControllerRuntimeStatus{BlockId:"6cd33a14-de46-4250-807f-beead85f5082", ShellProcStatus:"done", ShellProcConnName:""}
2024-10-20 11:40:07 [wavesrv] 2024/10/20 11:40:07.874693 [shellproc] shell process wait loop done
2024-10-20 11:40:07 [wavesrv] 2024/10/20 11:40:07.974740 shutdown complete
2024-10-20 11:40:07 wavesrv exited, shutting down
2024-10-20 11:40:07 stopping updater
